# JRE version: Java(TM) SE Runtime Environment (8.0_251-b08) (build 1.8.0_251-b08)
# Java VM: Java HotSpot(TM) Client VM (25.251-b08 mixed mode, sharing windows-x86 )
Heap:
 def new generation   total 16832K, used 7133K [0x04800000, 0x05a40000, 0x09d50000)
  eden space 14976K,  47% used [0x04800000, 0x04ef7218, 0x056a0000)
  from space 1856K,   0% used [0x05870000, 0x05870400, 0x05a40000)
  to   space 1856K,   0% used [0x056a0000, 0x056a0000, 0x05870000)
 tenured generation   total 53592K, used 39629K [0x09d50000, 0x0d1a6000, 0x14800000)
   the space 53592K,  73% used [0x09d50000, 0x0c403448, 0x0c403600, 0x0d1a6000)
 Metaspace       used 12823K, capacity 13170K, committed 13184K, reserved 13696K
GC Heap History (10 events):
Event: 2792023.468 GC heap before
{Heap before GC invocations=890 (full 4):
 def new generation   total 16832K, used 14977K [0x04800000, 0x05a40000, 0x09d50000)
  eden space 14976K, 100% used [0x04800000, 0x056a0000, 0x056a0000)
  from space 1856K,   0% used [0x056a0000, 0x056a0610, 0x05870000)
  to   space 1856K,   0% used [0x05870000, 0x05870000, 0x05a40000)
 tenured generation   total 53592K, used 39629K [0x09d50000, 0x0d1a6000, 0x14800000)
   the space 53592K,  73% used [0x09d50000, 0x0c403448, 0x0c403600, 0x0d1a6000)
 Metaspace       used 12823K, capacity 13170K, committed 13184K, reserved 13696K
Event: 2792023.468 GC heap after
Heap after GC invocations=891 (full 4):
 def new generation   total 16832K, used 1K [0x04800000, 0x05a40000, 0x09d50000)
  eden space 14976K,   0% used [0x04800000, 0x04800000, 0x056a0000)
  from space 1856K,   0% used [0x05870000, 0x05870438, 0x05a40000)
  to   space 1856K,   0% used [0x056a0000, 0x056a0000, 0x05870000)
 tenured generation   total 53592K, used 39629K [0x09d50000, 0x0d1a6000, 0x14800000)
   the space 53592K,  73% used [0x09d50000, 0x0c403448, 0x0c403600, 0x0d1a6000)
 Metaspace       used 12823K, capacity 13170K, committed 13184K, reserved 13696K
}
Event: 2795248.466 GC heap before
{Heap before GC invocations=891 (full 4):
 def new generation   total 16832K, used 14977K [0x04800000, 0x05a40000, 0x09d50000)
  eden space 14976K, 100% used [0x04800000, 0x056a0000, 0x056a0000)
  from space 1856K,   0% used [0x05870000, 0x05870438, 0x05a40000)
  to   space 1856K,   0% used [0x056a0000, 0x056a0000, 0x05870000)
 tenured generation   total 53592K, used 39629K [0x09d50000, 0x0d1a6000, 0x14800000)
   the space 53592K,  73% used [0x09d50000, 0x0c403448, 0x0c403600, 0x0d1a6000)
 Metaspace       used 12823K, capacity 13170K, committed 13184K, reserved 13696K
Event: 2795248.467 GC heap after
Heap after GC invocations=892 (full 4):
 def new generation   total 16832K, used 1K [0x04800000, 0x05a40000, 0x09d50000)
  eden space 14976K,   0% used [0x04800000, 0x04800000, 0x056a0000)
  from space 1856K,   0% used [0x056a0000, 0x056a04d8, 0x05870000)
  to   space 1856K,   0% used [0x05870000, 0x05870000, 0x05a40000)
 tenured generation   total 53592K, used 39629K [0x09d50000, 0x0d1a6000, 0x14800000)
   the space 53592K,  73% used [0x09d50000, 0x0c403448, 0x0c403600, 0x0d1a6000)
 Metaspace       used 12823K, capacity 13170K, committed 13184K, reserved 13696K
}
Event: 2798480.816 GC heap before
{Heap before GC invocations=892 (full 4):
 def new generation   total 16832K, used 14977K [0x04800000, 0x05a40000, 0x09d50000)
  eden space 14976K, 100% used [0x04800000, 0x056a0000, 0x056a0000)
  from space 1856K,   0% used [0x056a0000, 0x056a04d8, 0x05870000)
  to   space 1856K,   0% used [0x05870000, 0x05870000, 0x05a40000)
 tenured generation   total 53592K, used 39629K [0x09d50000, 0x0d1a6000, 0x14800000)
   the space 53592K,  73% used [0x09d50000, 0x0c403448, 0x0c403600, 0x0d1a6000)
 Metaspace       used 12823K, capacity 13170K, committed 13184K, reserved 13696K
Event: 2798480.816 GC heap after
Heap after GC invocations=893 (full 4):
 def new generation   total 16832K, used 0K [0x04800000, 0x05a40000, 0x09d50000)
  eden space 14976K,   0% used [0x04800000, 0x04800000, 0x056a0000)
  from space 1856K,   0% used [0x05870000, 0x05870140, 0x05a40000)
  to   space 1856K,   0% used [0x056a0000, 0x056a0000, 0x05870000)
 tenured generation   total 53592K, used 39629K [0x09d50000, 0x0d1a6000, 0x14800000)
   the space 53592K,  73% used [0x09d50000, 0x0c403448, 0x0c403600, 0x0d1a6000)
 Metaspace       used 12823K, capacity 13170K, committed 13184K, reserved 13696K
}
Event: 2801713.019 GC heap before
{Heap before GC invocations=893 (full 4):
 def new generation   total 16832K, used 14976K [0x04800000, 0x05a40000, 0x09d50000)
  eden space 14976K, 100% used [0x04800000, 0x056a0000, 0x056a0000)
  from space 1856K,   0% used [0x05870000, 0x05870140, 0x05a40000)
  to   space 1856K,   0% used [0x056a0000, 0x056a0000, 0x05870000)
 tenured generation   total 53592K, used 39629K [0x09d50000, 0x0d1a6000, 0x14800000)
   the space 53592K,  73% used [0x09d50000, 0x0c403448, 0x0c403600, 0x0d1a6000)
 Metaspace       used 12823K, capacity 13170K, committed 13184K, reserved 13696K
Event: 2801713.019 GC heap after
Heap after GC invocations=894 (full 4):
 def new generation   total 16832K, used 0K [0x04800000, 0x05a40000, 0x09d50000)
  eden space 14976K,   0% used [0x04800000, 0x04800000, 0x056a0000)
  from space 1856K,   0% used [0x056a0000, 0x056a01a8, 0x05870000)
  to   space 1856K,   0% used [0x05870000, 0x05870000, 0x05a40000)
 tenured generation   total 53592K, used 39629K [0x09d50000, 0x0d1a6000, 0x14800000)
   the space 53592K,  73% used [0x09d50000, 0x0c403448, 0x0c403600, 0x0d1a6000)
 Metaspace       used 12823K, capacity 13170K, committed 13184K, reserved 13696K
}
Event: 2804938.468 GC heap before
{Heap before GC invocations=894 (full 4):
 def new generation   total 16832K, used 14976K [0x04800000, 0x05a40000, 0x09d50000)
  eden space 14976K, 100% used [0x04800000, 0x056a0000, 0x056a0000)
  from space 1856K,   0% used [0x056a0000, 0x056a01a8, 0x05870000)
  to   space 1856K,   0% used [0x05870000, 0x05870000, 0x05a40000)
 tenured generation   total 53592K, used 39629K [0x09d50000, 0x0d1a6000, 0x14800000)
   the space 53592K,  73% used [0x09d50000, 0x0c403448, 0x0c403600, 0x0d1a6000)
 Metaspace       used 12823K, capacity 13170K, committed 13184K, reserved 13696K
Event: 2804938.469 GC heap after
Heap after GC invocations=895 (full 4):
 def new generation   total 16832K, used 1K [0x04800000, 0x05a40000, 0x09d50000)
  eden space 14976K,   0% used [0x04800000, 0x04800000, 0x056a0000)
  from space 1856K,   0% used [0x05870000, 0x05870400, 0x05a40000)
  to   space 1856K,   0% used [0x056a0000, 0x056a0000, 0x05870000)
 tenured generation   total 53592K, used 39629K [0x09d50000, 0x0d1a6000, 0x14800000)
   the space 53592K,  73% used [0x09d50000, 0x0c403448, 0x0c403600, 0x0d1a6000)
 Metaspace       used 12823K, capacity 13170K, committed 13184K, reserved 13696K
}

